0 info it worked if it ends with ok
1 verbose cli [ '/usr/local/Cellar/node/0.10.18/bin/node',
1 verbose cli   '/usr/local/bin/npm',
1 verbose cli   'publish' ]
2 info using npm@1.3.8
3 info using node@v0.10.18
4 verbose publish [ '.' ]
5 verbose cache add [ '.', null ]
6 verbose cache add name=undefined spec="." args=[".",null]
7 verbose parsed url { protocol: null,
7 verbose parsed url   slashes: null,
7 verbose parsed url   auth: null,
7 verbose parsed url   host: null,
7 verbose parsed url   port: null,
7 verbose parsed url   hostname: null,
7 verbose parsed url   hash: null,
7 verbose parsed url   search: null,
7 verbose parsed url   query: null,
7 verbose parsed url   pathname: '.',
7 verbose parsed url   path: '.',
7 verbose parsed url   href: '.' }
8 silly lockFile 3a52ce78- .
9 verbose lock . /Users/daylilyfield/.npm/3a52ce78-.lock
10 verbose tar pack [ '/var/folders/xq/vfhr64f51b5_p7yr5fnrp1m80000gn/T/npm-21472-tF9U_KRe/1397742327644-0.4768203282728791/tmp.tgz',
10 verbose tar pack   '.' ]
11 verbose tarball /var/folders/xq/vfhr64f51b5_p7yr5fnrp1m80000gn/T/npm-21472-tF9U_KRe/1397742327644-0.4768203282728791/tmp.tgz
12 verbose folder .
13 silly lockFile 1f1177db-tar tar://.
14 verbose lock tar://. /Users/daylilyfield/.npm/1f1177db-tar.lock
15 silly lockFile a2bd0ed1-27644-0-4768203282728791-tmp-tgz tar:///var/folders/xq/vfhr64f51b5_p7yr5fnrp1m80000gn/T/npm-21472-tF9U_KRe/1397742327644-0.4768203282728791/tmp.tgz
16 verbose lock tar:///var/folders/xq/vfhr64f51b5_p7yr5fnrp1m80000gn/T/npm-21472-tF9U_KRe/1397742327644-0.4768203282728791/tmp.tgz /Users/daylilyfield/.npm/a2bd0ed1-27644-0-4768203282728791-tmp-tgz.lock
17 silly lockFile 1f1177db-tar tar://.
18 silly lockFile 1f1177db-tar tar://.
19 silly lockFile a2bd0ed1-27644-0-4768203282728791-tmp-tgz tar:///var/folders/xq/vfhr64f51b5_p7yr5fnrp1m80000gn/T/npm-21472-tF9U_KRe/1397742327644-0.4768203282728791/tmp.tgz
20 silly lockFile a2bd0ed1-27644-0-4768203282728791-tmp-tgz tar:///var/folders/xq/vfhr64f51b5_p7yr5fnrp1m80000gn/T/npm-21472-tF9U_KRe/1397742327644-0.4768203282728791/tmp.tgz
21 verbose tar unpack /var/folders/xq/vfhr64f51b5_p7yr5fnrp1m80000gn/T/npm-21472-tF9U_KRe/1397742327644-0.4768203282728791/tmp.tgz
22 silly lockFile 6ae50478-27644-0-4768203282728791-package tar:///var/folders/xq/vfhr64f51b5_p7yr5fnrp1m80000gn/T/npm-21472-tF9U_KRe/1397742327644-0.4768203282728791/package
23 verbose lock tar:///var/folders/xq/vfhr64f51b5_p7yr5fnrp1m80000gn/T/npm-21472-tF9U_KRe/1397742327644-0.4768203282728791/package /Users/daylilyfield/.npm/6ae50478-27644-0-4768203282728791-package.lock
24 silly lockFile a2bd0ed1-27644-0-4768203282728791-tmp-tgz tar:///var/folders/xq/vfhr64f51b5_p7yr5fnrp1m80000gn/T/npm-21472-tF9U_KRe/1397742327644-0.4768203282728791/tmp.tgz
25 verbose lock tar:///var/folders/xq/vfhr64f51b5_p7yr5fnrp1m80000gn/T/npm-21472-tF9U_KRe/1397742327644-0.4768203282728791/tmp.tgz /Users/daylilyfield/.npm/a2bd0ed1-27644-0-4768203282728791-tmp-tgz.lock
26 silly gunzTarPerm modes [ '755', '644' ]
27 silly gunzTarPerm extractEntry package.json
28 silly gunzTarPerm extractEntry README.md
29 silly gunzTarPerm extractEntry lib/pipe-joint.js
30 silly gunzTarPerm extractEntry lib/pipe-joint.coffee
31 silly lockFile 6ae50478-27644-0-4768203282728791-package tar:///var/folders/xq/vfhr64f51b5_p7yr5fnrp1m80000gn/T/npm-21472-tF9U_KRe/1397742327644-0.4768203282728791/package
32 silly lockFile 6ae50478-27644-0-4768203282728791-package tar:///var/folders/xq/vfhr64f51b5_p7yr5fnrp1m80000gn/T/npm-21472-tF9U_KRe/1397742327644-0.4768203282728791/package
33 silly lockFile a2bd0ed1-27644-0-4768203282728791-tmp-tgz tar:///var/folders/xq/vfhr64f51b5_p7yr5fnrp1m80000gn/T/npm-21472-tF9U_KRe/1397742327644-0.4768203282728791/tmp.tgz
34 silly lockFile a2bd0ed1-27644-0-4768203282728791-tmp-tgz tar:///var/folders/xq/vfhr64f51b5_p7yr5fnrp1m80000gn/T/npm-21472-tF9U_KRe/1397742327644-0.4768203282728791/tmp.tgz
35 verbose tar pack [ '/Users/daylilyfield/.npm/pipe-joint/0.1.0/package.tgz',
35 verbose tar pack   '/var/folders/xq/vfhr64f51b5_p7yr5fnrp1m80000gn/T/npm-21472-tF9U_KRe/1397742327644-0.4768203282728791/package' ]
36 verbose tarball /Users/daylilyfield/.npm/pipe-joint/0.1.0/package.tgz
37 verbose folder /var/folders/xq/vfhr64f51b5_p7yr5fnrp1m80000gn/T/npm-21472-tF9U_KRe/1397742327644-0.4768203282728791/package
38 silly lockFile 6ae50478-27644-0-4768203282728791-package tar:///var/folders/xq/vfhr64f51b5_p7yr5fnrp1m80000gn/T/npm-21472-tF9U_KRe/1397742327644-0.4768203282728791/package
39 verbose lock tar:///var/folders/xq/vfhr64f51b5_p7yr5fnrp1m80000gn/T/npm-21472-tF9U_KRe/1397742327644-0.4768203282728791/package /Users/daylilyfield/.npm/6ae50478-27644-0-4768203282728791-package.lock
40 silly lockFile 99dda253-npm-pipe-joint-0-1-0-package-tgz tar:///Users/daylilyfield/.npm/pipe-joint/0.1.0/package.tgz
41 verbose lock tar:///Users/daylilyfield/.npm/pipe-joint/0.1.0/package.tgz /Users/daylilyfield/.npm/99dda253-npm-pipe-joint-0-1-0-package-tgz.lock
42 silly lockFile 6ae50478-27644-0-4768203282728791-package tar:///var/folders/xq/vfhr64f51b5_p7yr5fnrp1m80000gn/T/npm-21472-tF9U_KRe/1397742327644-0.4768203282728791/package
43 silly lockFile 6ae50478-27644-0-4768203282728791-package tar:///var/folders/xq/vfhr64f51b5_p7yr5fnrp1m80000gn/T/npm-21472-tF9U_KRe/1397742327644-0.4768203282728791/package
44 silly lockFile 99dda253-npm-pipe-joint-0-1-0-package-tgz tar:///Users/daylilyfield/.npm/pipe-joint/0.1.0/package.tgz
45 silly lockFile 99dda253-npm-pipe-joint-0-1-0-package-tgz tar:///Users/daylilyfield/.npm/pipe-joint/0.1.0/package.tgz
46 silly lockFile 52165224-eld-npm-pipe-joint-0-1-0-package /Users/daylilyfield/.npm/pipe-joint/0.1.0/package
47 verbose lock /Users/daylilyfield/.npm/pipe-joint/0.1.0/package /Users/daylilyfield/.npm/52165224-eld-npm-pipe-joint-0-1-0-package.lock
48 silly lockFile 52165224-eld-npm-pipe-joint-0-1-0-package /Users/daylilyfield/.npm/pipe-joint/0.1.0/package
49 silly lockFile 52165224-eld-npm-pipe-joint-0-1-0-package /Users/daylilyfield/.npm/pipe-joint/0.1.0/package
50 verbose tar unpack /Users/daylilyfield/.npm/pipe-joint/0.1.0/package.tgz
51 silly lockFile cd50aa74-eld-npm-pipe-joint-0-1-0-package tar:///Users/daylilyfield/.npm/pipe-joint/0.1.0/package
52 verbose lock tar:///Users/daylilyfield/.npm/pipe-joint/0.1.0/package /Users/daylilyfield/.npm/cd50aa74-eld-npm-pipe-joint-0-1-0-package.lock
53 silly lockFile 99dda253-npm-pipe-joint-0-1-0-package-tgz tar:///Users/daylilyfield/.npm/pipe-joint/0.1.0/package.tgz
54 verbose lock tar:///Users/daylilyfield/.npm/pipe-joint/0.1.0/package.tgz /Users/daylilyfield/.npm/99dda253-npm-pipe-joint-0-1-0-package-tgz.lock
55 silly gunzTarPerm modes [ '755', '644' ]
56 silly gunzTarPerm extractEntry package.json
57 silly gunzTarPerm extractEntry README.md
58 silly gunzTarPerm extractEntry lib/pipe-joint.js
59 silly gunzTarPerm extractEntry lib/pipe-joint.coffee
60 silly lockFile cd50aa74-eld-npm-pipe-joint-0-1-0-package tar:///Users/daylilyfield/.npm/pipe-joint/0.1.0/package
61 silly lockFile cd50aa74-eld-npm-pipe-joint-0-1-0-package tar:///Users/daylilyfield/.npm/pipe-joint/0.1.0/package
62 silly lockFile 99dda253-npm-pipe-joint-0-1-0-package-tgz tar:///Users/daylilyfield/.npm/pipe-joint/0.1.0/package.tgz
63 silly lockFile 99dda253-npm-pipe-joint-0-1-0-package-tgz tar:///Users/daylilyfield/.npm/pipe-joint/0.1.0/package.tgz
64 verbose chmod /Users/daylilyfield/.npm/pipe-joint/0.1.0/package.tgz 644
65 verbose chown /Users/daylilyfield/.npm/pipe-joint/0.1.0/package.tgz [ 501, 20 ]
66 silly lockFile 3a52ce78- .
67 silly lockFile 3a52ce78- .
68 silly publish { name: 'pipe-joint',
68 silly publish   version: '0.1.0',
68 silly publish   description: 'you can pipe streams with a bit better notation to read.',
68 silly publish   homepage: 'https://github.com/daylilyfield/pipe-joint',
68 silly publish   bugs: { url: 'https://github.com/daylilyfield/pipe-joint/issues' },
68 silly publish   repository:
68 silly publish    { type: 'git',
68 silly publish      url: 'https://github.com/daylilyfield/pipe-joint.git' },
68 silly publish   main: 'lib/pipe-joint.coffee',
68 silly publish   scripts: { test: 'jasmine-node --coffee .' },
68 silly publish   keywords: [ 'stream', 'pipe', 'coffeescript', 'gulp' ],
68 silly publish   author: { name: 'daylilyfield' },
68 silly publish   license: 'MIT',
68 silly publish   devDependencies:
68 silly publish    { gulp: '~3.6.1',
68 silly publish      'gulp-coffee': '~1.4.2',
68 silly publish      'jasmine-node': '~1.14.3',
68 silly publish      'coffee-script': '~1.7.1' },
68 silly publish   readme: 'pipe-joint\n==========\n\nyou can pipe streams with a bit better notation to read.\n\nHow to Install\n--------------\n\n```sh\nnpm install pipe-joint\n```\n\nUsage Example\n-------------\n\nwhen we use streams, for example with [gulp](http://gulpjs.com/), we usually\nwrite a build script like below.\n\n```coffeescript\ngulp = require \'gulp\'\ntask = gulp.task.bind gulp\n{src, dest, watch} = gulp\n\ntask \'script\', ->\n  src(\'lib/*.js\')\n    .pipe concat(\'index.js\')\n    .pipe dest(\'script\')\n    .pipe uglify()\n    .pipe rename(folder + \'.min.js\')\n    .pipe dest(\'script\'))\n```\n\npipe, pipe, pipe... i get tired of typing too much ``pipe``. by using\npipe-joint, you can write your build script like below.\n\n```coffeescript\ngulp = require \'gulp\'\ntask = gulp.task.bind gulp\n{src, dest, watch} = gulp\n\ntask \'script\', -> pipe [\n  src \'lib/*.js\'\n  concat \'index.js\'\n  dest \'script\'\n  uglify()\n  rename \'index.min.js\'\n  dest \'script\'\n]\n```\n\nor, you can specify not only streams but factories which make stream.\n\n```coffeescript\ngulp = require \'gulp\'\ntask = gulp.task.bind gulp\n{src, dest, watch} = gulp\n\ntask \'script\', -> pipe [\n  -> src \'lib/*.js\'\n  -> concat \'index.js\'\n  -> dest \'script\'\n  -> uglify()\n  -> rename \'index.min.js\'\n  -> dest \'script\'\n]\n```\n\nyou can mix both streams and factories in single pipe-joint array.\n\nAPI\n---\n\n``pipe(streamsOrStreamFactories)``\n\n- streamsOrStreamFactories: Array<stream.Stream|Function>\n\n  streams or stream factories which are chained by specified order.\n\nLicense\n-------\n\nThe MIT License (MIT)\n\nCopyright (c) 2014 daylilyfield\n\nPermission is hereby granted, free of charge, to any person obtaining a copy of\nthis software and associated documentation files (the "Software"), to deal in\nthe Software without restriction, including without limitation the rights to\nuse, copy, modify, merge, publish, distribute, sublicense, and/or sell copies\nof the Software, and to permit persons to whom the Software is furnished to do\nso, subject to the following conditions:\n\nThe above copyright notice and this permission notice shall be included in all\ncopies or substantial portions of the Software.\n\nTHE SOFTWARE IS PROVIDED "AS IS", WITHOUT WARRANTY OF ANY KIND, EXPRESS OR\nIMPLIED, INCLUDING BUT NOT LIMITED TO THE WARRANTIES OF MERCHANTABILITY,\nFITNESS FOR A PARTICULAR PURPOSE AND NONINFRINGEMENT. IN NO EVENT SHALL THE\nAUTHORS OR COPYRIGHT HOLDERS BE LIABLE FOR ANY CLAIM, DAMAGES OR OTHER\nLIABILITY, WHETHER IN AN ACTION OF CONTRACT, TORT OR OTHERWISE, ARISING FROM,\nOUT OF OR IN CONNECTION WITH THE SOFTWARE OR THE USE OR OTHER DEALINGS IN THE\nSOFTWARE.\n',
68 silly publish   readmeFilename: 'README.md',
68 silly publish   _id: 'pipe-joint@0.1.0',
68 silly publish   dist: { shasum: '10c995ff51c6a67208d354029e214dc1fd3eec8b' },
68 silly publish   _from: '.' }
69 verbose url raw pipe-joint
70 verbose url resolving [ 'https://registry.npmjs.org/', './pipe-joint' ]
71 verbose url resolved https://registry.npmjs.org/pipe-joint
72 info trying registry request attempt 1 at 22:45:27
73 http PUT https://registry.npmjs.org/pipe-joint
74 http 201 https://registry.npmjs.org/pipe-joint
75 verbose url raw pipe-joint
76 verbose url resolving [ 'https://registry.npmjs.org/', './pipe-joint' ]
77 verbose url resolved https://registry.npmjs.org/pipe-joint
78 info trying registry request attempt 1 at 22:45:28
79 http GET https://registry.npmjs.org/pipe-joint
80 http 200 https://registry.npmjs.org/pipe-joint
81 error publish fail Cannot publish over existing version.
81 error publish fail Update the 'version' field in package.json and try again.
81 error publish fail
81 error publish fail If the previous version was published in error, see:
81 error publish fail     npm help unpublish
81 error publish fail
81 error publish fail To automatically increment version numbers, see:
81 error publish fail     npm help version
82 error System Darwin 13.1.0
83 error command "/usr/local/Cellar/node/0.10.18/bin/node" "/usr/local/bin/npm" "publish"
84 error cwd /Users/daylilyfield/Workspaces/Node/pipe-joint
85 error node -v v0.10.18
86 error npm -v 1.3.8
87 error code EPUBLISHCONFLICT
88 verbose exit [ 1, true ]
